<?xml version="1.0" encoding="UTF-8"?>
<robot generator="Robot 4.1.3 (Python 3.10.2 on win32)" generated="20220720 22:37:20.831" rpa="false" schemaversion="2">
<suite id="s1" name="SearchProduct" source="C:\Development\Robotframework\Flipkart\Tests\SearchProduct.robot">
<test id="s1-t1" name="Search Produts">
<kw name="Start Test case" library="CommonFunctionality" type="SETUP">
<kw name="Open Browser" library="SeleniumLibrary">
<arg>${url}</arg>
<arg>${browser}</arg>
<doc>Opens a new browser instance to the optional ``url``.</doc>
<msg timestamp="20220720 22:37:21.431" level="INFO">Opening browser 'chrome' to base url 'https://www.flipkart.com/'.</msg>
<status status="PASS" starttime="20220720 22:37:21.423" endtime="20220720 22:37:29.758"/>
</kw>
<kw name="Maximize Browser Window" library="SeleniumLibrary">
<doc>Maximizes current browser window.</doc>
<status status="PASS" starttime="20220720 22:37:29.758" endtime="20220720 22:37:29.894"/>
</kw>
<status status="PASS" starttime="20220720 22:37:21.423" endtime="20220720 22:37:29.894"/>
</kw>
<kw name="Set Selenium Implicit Wait" library="SeleniumLibrary">
<arg>20s</arg>
<doc>Sets the implicit wait value used by Selenium.</doc>
<status status="PASS" starttime="20220720 22:37:29.894" endtime="20220720 22:37:29.902"/>
</kw>
<kw name="Search Produts" library="Homepage">
<kw name="Open Browser" library="SeleniumLibrary">
<arg>${url}</arg>
<arg>${browser}</arg>
<doc>Opens a new browser instance to the optional ``url``.</doc>
<msg timestamp="20220720 22:37:29.902" level="INFO">Opening browser 'chrome' to base url 'https://www.flipkart.com/'.</msg>
<status status="PASS" starttime="20220720 22:37:29.902" endtime="20220720 22:37:46.002"/>
</kw>
<kw name="Maximize Browser Window" library="SeleniumLibrary">
<doc>Maximizes current browser window.</doc>
<status status="PASS" starttime="20220720 22:37:46.002" endtime="20220720 22:37:46.130"/>
</kw>
<kw name="Sleep" library="BuiltIn">
<arg>2</arg>
<doc>Pauses the test executed for the given time.</doc>
<msg timestamp="20220720 22:37:48.138" level="INFO">Slept 2 seconds</msg>
<status status="PASS" starttime="20220720 22:37:46.130" endtime="20220720 22:37:48.138"/>
</kw>
<kw name="Click Button" library="SeleniumLibrary">
<arg>${Close_login}</arg>
<doc>Clicks the button identified by ``locator``.</doc>
<msg timestamp="20220720 22:37:48.138" level="INFO">Clicking button 'xpath:/html/body/div[2]/div/div/button'.</msg>
<status status="PASS" starttime="20220720 22:37:48.138" endtime="20220720 22:37:48.866"/>
</kw>
<kw name="Clear Element Text" library="SeleniumLibrary">
<arg>${Search bar}</arg>
<doc>Clears the value of the text-input-element identified by ``locator``.</doc>
<status status="PASS" starttime="20220720 22:37:48.866" endtime="20220720 22:37:49.178"/>
</kw>
<kw name="Input Text" library="SeleniumLibrary">
<arg>${Search bar}</arg>
<arg>Nike</arg>
<doc>Types the given ``text`` into the text field identified by ``locator``.</doc>
<msg timestamp="20220720 22:37:49.178" level="INFO">Typing text 'Nike' into text field 'css:input[class='_3704LK']'.</msg>
<status status="PASS" starttime="20220720 22:37:49.178" endtime="20220720 22:37:49.626"/>
</kw>
<kw name="Click Button" library="SeleniumLibrary">
<arg>${Search_button}</arg>
<doc>Clicks the button identified by ``locator``.</doc>
<msg timestamp="20220720 22:37:49.626" level="INFO">Clicking button 'xpath://*[@class ='L0Z3Pu']'.</msg>
<status status="PASS" starttime="20220720 22:37:49.626" endtime="20220720 22:37:49.890"/>
</kw>
<status status="PASS" starttime="20220720 22:37:29.902" endtime="20220720 22:37:49.890"/>
</kw>
<kw name="Finish Test case" library="CommonFunctionality" type="TEARDOWN">
<kw name="Close Browser" library="SeleniumLibrary">
<doc>Closes the current browser.</doc>
<status status="PASS" starttime="20220720 22:37:49.898" endtime="20220720 22:37:53.850"/>
</kw>
<status status="PASS" starttime="20220720 22:37:49.898" endtime="20220720 22:37:53.850"/>
</kw>
<doc>Searching Nike Shoes</doc>
<tag>Sanity</tag>
<status status="PASS" starttime="20220720 22:37:21.423" endtime="20220720 22:37:53.850"/>
</test>
<status status="PASS" starttime="20220720 22:37:20.831" endtime="20220720 22:37:53.866"/>
</suite>
<statistics>
<total>
<stat pass="1" fail="0" skip="0">All Tests</stat>
</total>
<tag>
<stat pass="1" fail="0" skip="0">Sanity</stat>
</tag>
<suite>
<stat pass="1" fail="0" skip="0" id="s1" name="SearchProduct">SearchProduct</stat>
</suite>
</statistics>
<errors>
</errors>
</robot>
